\BOOKMARK [1][-]{section.1}{\376\377\000I\000n\000t\000r\000o\000d\000u\000c\000t\000i\000o\000n}{}% 1
\BOOKMARK [1][-]{section.2}{\376\377\000L\000i\000t\000e\000r\000a\000t\000u\000r\000e}{}% 2
\BOOKMARK [2][-]{subsection.2.1}{\376\377\000S\000c\000h\000o\000o\000l\000\040\000C\000h\000o\000i\000c\000e\000\040\000a\000n\000d\000\040\000S\000t\000u\000d\000e\000n\000t\000\040\000O\000u\000t\000c\000o\000m\000e\000s}{section.2}% 3
\BOOKMARK [2][-]{subsection.2.2}{\376\377\000C\000e\000n\000t\000r\000a\000l\000i\000z\000e\000d\000\040\000S\000c\000h\000o\000o\000l\000\040\000C\000h\000o\000i\000c\000e\000.}{section.2}% 4
\BOOKMARK [2][-]{subsection.2.3}{\376\377\000C\000e\000n\000t\000r\000a\000l\000i\000z\000e\000d\000\040\000C\000o\000l\000l\000e\000g\000e\000\040\000A\000d\000m\000i\000s\000s\000i\000o\000n\000s\000.}{section.2}% 5
\BOOKMARK [2][-]{subsection.2.4}{\376\377\000C\000o\000n\000t\000r\000i\000b\000u\000t\000i\000o\000n}{section.2}% 6
\BOOKMARK [1][-]{section.3}{\376\377\000B\000a\000c\000k\000g\000r\000o\000u\000n\000d}{}% 7
\BOOKMARK [2][-]{subsection.3.1}{\376\377\000S\000c\000h\000o\000o\000l\000\040\000C\000h\000o\000i\000c\000e\000.}{section.3}% 8
\BOOKMARK [2][-]{subsection.3.2}{\376\377\000C\000o\000l\000l\000e\000g\000e\000\040\000A\000d\000m\000i\000s\000s\000i\000o\000n\000s\000.}{section.3}% 9
\BOOKMARK [2][-]{subsection.3.3}{\376\377\000D\000a\000t\000a\000.}{section.3}% 10
\BOOKMARK [2][-]{subsection.3.4}{\376\377\000E\000m\000p\000i\000r\000i\000c\000a\000l\000\040\000S\000t\000r\000a\000t\000e\000g\000y}{section.3}% 11
\BOOKMARK [1][-]{section.4}{\376\377\000R\000e\000s\000u\000l\000t\000s}{}% 12
\BOOKMARK [2][-]{subsection.4.1}{\376\377\000H\000e\000t\000e\000r\000o\000g\000e\000n\000e\000i\000t\000y}{section.4}% 13
\BOOKMARK [3][-]{subsubsection.4.1.1}{\376\377\000G\000e\000n\000d\000e\000r\000.}{subsection.4.1}% 14
\BOOKMARK [3][-]{subsubsection.4.1.2}{\376\377\000S\000c\000h\000o\000o\000l\000\040\000V\000u\000l\000n\000e\000r\000a\000b\000i\000l\000i\000t\000y\000.}{subsection.4.1}% 15
\BOOKMARK [3][-]{subsubsection.4.1.3}{\376\377\000S\000c\000h\000o\000o\000l\000\040\000P\000e\000r\000f\000o\000r\000m\000a\000n\000c\000e\000.}{subsection.4.1}% 16
\BOOKMARK [3][-]{subsubsection.4.1.4}{\376\377\000S\000c\000h\000o\000o\000l\000\040\000V\000a\000l\000u\000e\000\040\000A\000d\000d\000e\000d\000.}{subsection.4.1}% 17
\BOOKMARK [3][-]{subsubsection.4.1.5}{\376\377\000P\000r\000o\000g\000r\000a\000m\000\040\000S\000e\000l\000e\000c\000t\000i\000v\000i\000t\000y\000.}{subsection.4.1}% 18
\BOOKMARK [2][-]{subsection.4.2}{\376\377\000R\000o\000b\000u\000s\000t\000n\000e\000s\000s\000\040\000C\000h\000e\000c\000k\000s}{section.4}% 19
\BOOKMARK [3][-]{subsubsection.4.2.1}{\376\377\000P\000a\000r\000a\000l\000l\000e\000l\000\040\000T\000r\000e\000n\000d\000s\000.}{subsection.4.2}% 20
\BOOKMARK [3][-]{subsubsection.4.2.2}{\376\377\000P\000l\000a\000c\000e\000b\000o\000\040\000T\000e\000s\000t\000s\000.}{subsection.4.2}% 21
\BOOKMARK [3][-]{subsubsection.4.2.3}{\376\377\000T\000w\000o\000-\000W\000a\000y\000\040\000F\000i\000x\000e\000d\000\040\000E\000f\000f\000e\000c\000t\000s}{subsection.4.2}% 22
\BOOKMARK [1][-]{section.5}{\376\377\000D\000i\000s\000c\000u\000s\000s\000i\000o\000n}{}% 23
\BOOKMARK [2][-]{subsection.5.1}{\376\377\000F\000a\000m\000i\000l\000i\000a\000r\000i\000t\000y\000\040\000w\000i\000t\000h\000\040\000C\000e\000n\000t\000r\000a\000l\000i\000z\000e\000d\000\040\000A\000p\000p\000l\000i\000c\000a\000t\000i\000o\000n\000\040\000P\000r\000o\000c\000e\000s\000s\000e\000s\000\040\000a\000n\000d\000\040\000A\000l\000g\000o\000r\000i\000t\000h\000m\000s}{section.5}% 24
\BOOKMARK [2][-]{subsection.5.2}{\376\377\000P\000e\000e\000r\000-\000E\000f\000f\000e\000c\000t\000s}{section.5}% 25
\BOOKMARK [1][-]{section.6}{\376\377\000C\000o\000n\000c\000l\000u\000s\000i\000o\000n\000s}{}% 26
\BOOKMARK [1][-]{section.7}{\376\377\000A\000p\000p\000e\000n\000d\000i\000x}{}% 27
\BOOKMARK [2][-]{subsection.7.1}{\376\377\000V\000a\000l\000u\000e\000\040\000A\000d\000d\000e\000d\000\040\000E\000s\000t\000i\000m\000a\000t\000i\000o\000n}{section.7}% 28
\BOOKMARK [2][-]{subsection.7.2}{\376\377\000A\000d\000d\000i\000t\000i\000o\000n\000a\000l\000\040\000R\000e\000s\000u\000l\000t\000s}{section.7}% 29
